<?xml version="1.0" encoding="UTF-8"?>
<!-- Generated by org.testng.reporters.JUnitReportReporter -->
<testsuite skipped="0" hostname="KEV-PC" name="qaautomation.march2022.GraphQLTest" tests="2" failures="0" timestamp="15 Apr 2022 10:43:04 GMT" time="4.215" errors="0">
  <testcase name="launchRocketWithVariable" time="1.309" classname="qaautomation.march2022.GraphQLTest"/>
  <testcase name="checkCEO" time="2.906" classname="qaautomation.march2022.GraphQLTest"/>
</testsuite> <!-- qaautomation.march2022.GraphQLTest -->
