<?xml version="1.0" encoding="UTF-8"?>
<!-- Generated by org.testng.reporters.JUnitReportReporter -->
<testsuite skipped="0" hostname="KEV-PC" name="qaautomation.march2022.APITest" tests="2" failures="0" timestamp="15 Apr 2022 05:48:47 GMT" time="6.039" errors="0">
  <testcase name="testLoginAPI" time="4.343" classname="qaautomation.march2022.APITest"/>
  <testcase name="testDashboardAPI" time="1.696" classname="qaautomation.march2022.APITest"/>
</testsuite> <!-- qaautomation.march2022.APITest -->
