<?xml version="1.0" encoding="UTF-8"?>
<!-- Generated by org.testng.reporters.JUnitReportReporter -->
<testsuite skipped="0" hostname="KEV-PC" name="qaautomation.march2022.APITestAfterRefactor" tests="3" failures="0" timestamp="22 Apr 2022 08:46:58 GMT" time="13.337" errors="0">
  <testcase name="testDashboardAPI" time="4.609" classname="qaautomation.march2022.APITestAfterRefactor"/>
  <testcase name="testDashboardWithoutParam" time="5.362" classname="qaautomation.march2022.APITestAfterRefactor"/>
  <testcase name="testDashboardWithoutToken" time="3.366" classname="qaautomation.march2022.APITestAfterRefactor"/>
</testsuite> <!-- qaautomation.march2022.APITestAfterRefactor -->
