<?xml version="1.0" encoding="UTF-8"?>
<!-- Generated by org.testng.reporters.JUnitReportReporter -->
<testsuite skipped="0" hostname="KEV-PC" name="qaautomation.march2022.APITest" tests="2" failures="0" timestamp="12 May 2022 10:44:26 GMT" time="5.268" errors="0">
  <testcase name="testLoginAPI" time="3.436" classname="qaautomation.march2022.APITest"/>
  <testcase name="testDashboardAPI" time="1.832" classname="qaautomation.march2022.APITest"/>
</testsuite> <!-- qaautomation.march2022.APITest -->
