<?xml version="1.0" encoding="UTF-8"?>
<!-- Generated by org.testng.reporters.JUnitReportReporter -->
<testsuite skipped="0" hostname="KEV-PC" name="qaautomation.march2022.AppTestAfterRefactor" tests="3" failures="0" timestamp="03 Apr 2022 04:32:33 GMT" time="19.661" errors="0">
  <testcase name="test" time="6.060" classname="qaautomation.march2022.AppTestAfterRefactor"/>
  <testcase name="test2" time="6.913" classname="qaautomation.march2022.AppTestAfterRefactor"/>
  <testcase name="test3" time="6.688" classname="qaautomation.march2022.AppTestAfterRefactor"/>
</testsuite> <!-- qaautomation.march2022.AppTestAfterRefactor -->
