<?xml version="1.0" encoding="UTF-8"?>
<!-- Generated by org.testng.reporters.JUnitReportReporter -->
<testsuite skipped="0" hostname="KEV-PC" name="qaautomation.march2022.DashboardAPI" tests="3" failures="0" timestamp="22 Apr 2022 09:35:14 GMT" time="13.601" errors="0">
  <testcase name="testDashboardAPI" time="4.488" classname="qaautomation.march2022.DashboardAPI"/>
  <testcase name="testDashboardWithoutParam" time="4.381" classname="qaautomation.march2022.DashboardAPI"/>
  <testcase name="testDashboardWithoutToken" time="4.732" classname="qaautomation.march2022.DashboardAPI"/>
</testsuite> <!-- qaautomation.march2022.DashboardAPI -->
