<?xml version="1.0" encoding="UTF-8"?>
<!-- Generated by org.testng.reporters.JUnitReportReporter -->
<testsuite skipped="0" hostname="KEV-PC" name="qaautomation.march2022.AppTestAfterPOM" tests="3" failures="0" timestamp="08 Apr 2022 04:43:51 GMT" time="37.846" errors="0">
  <testcase name="loginSuccess" time="21.243" classname="qaautomation.march2022.AppTestAfterPOM"/>
  <testcase name="loginInvalidPassword" time="9.455" classname="qaautomation.march2022.AppTestAfterPOM"/>
  <testcase name="loginWithoutSubmitLoginBtn" time="7.148" classname="qaautomation.march2022.AppTestAfterPOM"/>
</testsuite> <!-- qaautomation.march2022.AppTestAfterPOM -->
