<?xml version="1.0" encoding="UTF-8"?>
<!-- Generated by org.testng.reporters.JUnitReportReporter -->
<testsuite skipped="0" hostname="KEV-PC" name="qaautomation.march2022.AppTestAfterPageFactory" tests="3" failures="0" timestamp="08 Apr 2022 04:44:22 GMT" time="23.566" errors="0">
  <testcase name="loginInvalidPassword" time="11.346" classname="qaautomation.march2022.AppTestAfterPageFactory"/>
  <testcase name="loginSuccess" time="5.937" classname="qaautomation.march2022.AppTestAfterPageFactory"/>
  <testcase name="loginWithoutSubmitLoginBtn" time="6.283" classname="qaautomation.march2022.AppTestAfterPageFactory"/>
</testsuite> <!-- qaautomation.march2022.AppTestAfterPageFactory -->
