<?xml version="1.0" encoding="UTF-8"?>
<!-- Generated by org.testng.reporters.JUnitReportReporter -->
<testsuite skipped="0" hostname="KEV-PC" name="qaautomation.march2022.RegisterKolak" tests="1" failures="0" timestamp="05 May 2022 13:40:02 GMT" time="2.279" errors="0">
  <testcase name="registerKolak" time="2.279" classname="qaautomation.march2022.RegisterKolak"/>
</testsuite> <!-- qaautomation.march2022.RegisterKolak -->
