<?xml version="1.0" encoding="UTF-8"?>
<!-- Generated by org.testng.reporters.JUnitReportReporter -->
<testsuite skipped="0" hostname="KEV-PC" name="qaautomation.march2022.AppTest" tests="1" failures="0" timestamp="09 Apr 2022 04:00:57 GMT" time="7.998" errors="0">
  <testcase name="test" time="7.998" classname="qaautomation.march2022.AppTest"/>
</testsuite> <!-- qaautomation.march2022.AppTest -->
