<?xml version="1.0" encoding="UTF-8"?>
<!-- Generated by org.testng.reporters.JUnitReportReporter -->
<testsuite skipped="0" hostname="KEV-PC" name="qaautomation.march2022.APITestAfterRefactor" tests="3" failures="0" timestamp="16 Apr 2022 04:17:49 GMT" time="11.486" errors="0">
  <testcase name="testDashboardWithoutToken" time="3.053" classname="qaautomation.march2022.APITestAfterRefactor"/>
  <testcase name="testDashboardWithoutParam" time="4.820" classname="qaautomation.march2022.APITestAfterRefactor"/>
  <testcase name="testDashboardAPI" time="3.613" classname="qaautomation.march2022.APITestAfterRefactor"/>
</testsuite> <!-- qaautomation.march2022.APITestAfterRefactor -->
